<?xml version="1.0" encoding="UTF-8"?>
<!-- Generated by org.testng.reporters.JUnitXMLReporter -->
<testsuite ignored="0" hostname="DESKTOP-45GDJTM" failures="1" tests="1" name="Test" time="6.222" errors="0" timestamp="2024-08-26T20:25:16 IST">
  <testcase classname="testCases.EndToEnd" name="testEndtoend" time="0.043">
    <failure type="java.lang.AssertionError" message="expected [true] but found [false]">
      <![CDATA[java.lang.AssertionError: expected [true] but found [false]
at testCases.EndToEnd.testEndtoend(EndToEnd.java:62)
at java.base/java.util.ArrayList.forEach(ArrayList.java:1597)
... Removed 29 stack frames]]>
    </failure>
  </testcase> <!-- testEndtoend -->
</testsuite> <!-- Test -->
