<?xml version="1.0" encoding="UTF-8"?>
<!-- Generated by org.testng.reporters.JUnitXMLReporter -->
<testsuite ignored="0" hostname="DESKTOP-45GDJTM" failures="2" tests="4" name="Test" time="74.939" errors="0" timestamp="2024-08-25T16:44:30 IST">
  <testcase classname="testCases.TC_001_AccountRegistrationTest" name="test_account_Registration" time="11.528">
    <failure type="java.lang.AssertionError" message="null">
      <![CDATA[java.lang.AssertionError: null
at testCases.TC_001_AccountRegistrationTest.test_account_Registration(TC_001_AccountRegistrationTest.java:57)
at java.base/java.util.ArrayList.forEach(ArrayList.java:1597)
... Removed 31 stack frames]]>
    </failure>
  </testcase> <!-- test_account_Registration -->
  <testcase classname="testCases.TC_002_LoginPageTest" name="testLogin" time="16.972"/>
  <testcase classname="testCases.TC_003_SearchText" name="testSearch" time="0.293"/>
  <testcase classname="testCases.TC_004_LoginFailTest" name="testLoginFail" time="24.906">
    <failure type="java.lang.AssertionError" message="null">
      <![CDATA[java.lang.AssertionError: null
at testCases.TC_004_LoginFailTest.testLoginFail(TC_004_LoginFailTest.java:38)
at java.base/java.util.ArrayList.forEach(ArrayList.java:1597)
... Removed 31 stack frames]]>
    </failure>
  </testcase> <!-- testLoginFail -->
</testsuite> <!-- Test -->
