<?xml version="1.0" encoding="UTF-8"?>
<testng-results ignored="0" total="1" passed="1" failed="0" skipped="0">
  <reporter-output>
  </reporter-output>
  <suite started-at="2024-12-04T19:46:47 IST" name="Suite" finished-at="2024-12-04T19:47:16 IST" duration-ms="28702">
    <groups>
    </groups>
    <test started-at="2024-12-04T19:46:47 IST" name="Test" finished-at="2024-12-04T19:47:16 IST" duration-ms="28702">
      <class name="testCases.EndToEnd">
        <test-method is-config="true" signature="setup(java.lang.String)[pri:0, instance:testCases.EndToEnd@815b41f]" started-at="2024-12-04T19:46:48 IST" name="setup" finished-at="2024-12-04T19:46:57 IST" duration-ms="9197" status="PASS">
          <params>
            <param index="0">
              <value>
                <![CDATA[chrome]]>
              </value>
            </param>
          </params>
          <reporter-output>
          </reporter-output>
        </test-method> <!-- setup -->
        <test-method signature="testEndtoend()[pri:0, instance:testCases.EndToEnd@815b41f]" started-at="2024-12-04T19:46:57 IST" name="testEndtoend" finished-at="2024-12-04T19:47:12 IST" duration-ms="15429" status="PASS">
          <reporter-output>
          </reporter-output>
        </test-method> <!-- testEndtoend -->
        <test-method is-config="true" signature="tearDown()[pri:0, instance:testCases.EndToEnd@815b41f]" started-at="2024-12-04T19:47:12 IST" name="tearDown" finished-at="2024-12-04T19:47:16 IST" duration-ms="3768" status="PASS">
          <reporter-output>
          </reporter-output>
        </test-method> <!-- tearDown -->
      </class> <!-- testCases.EndToEnd -->
    </test> <!-- Test -->
  </suite> <!-- Suite -->
</testng-results>
